e:\лабы\ivasyuk_kirill_201-351_1hf\lab6_1\debug\vc142.pdb
e:\лабы\ivasyuk_kirill_201-351_1hf\lab6_1\debug\vc142.idb
e:\лабы\ivasyuk_kirill_201-351_1hf\lab6_1\debug\lab6_1.obj
e:\лабы\ivasyuk_kirill_201-351_1hf\lab6_1\debug\lab6_1.ilk
e:\лабы\ivasyuk_kirill_201-351_1hf\lab6_1\debug\lab6_1.exe
e:\лабы\ivasyuk_kirill_201-351_1hf\lab6_1\debug\lab6_1.pdb
e:\лабы\ivasyuk_kirill_201-351_1hf\lab6_1\debug\lab6_2.ilk
e:\лабы\ivasyuk_kirill_201-351_1hf\lab6_1\debug\lab6_3.ilk
e:\лабы\ivasyuk_kirill_201-351_1hf\lab6_1\debug\lab6_4.ilk
e:\лабы\ivasyuk_kirill_201-351_1hf\lab6_1\debug\lab_5_3.ilk
e:\лабы\ivasyuk_kirill_201-351_1hf\lab6_1\debug\lab_5_4.ilk
e:\лабы\ivasyuk_kirill_201-351_1hf\lab6_1\debug\lab6_2.pdb
e:\лабы\ivasyuk_kirill_201-351_1hf\lab6_1\debug\lab6_3.pdb
e:\лабы\ivasyuk_kirill_201-351_1hf\lab6_1\debug\lab6_4.pdb
e:\лабы\ivasyuk_kirill_201-351_1hf\lab6_1\debug\lab_5_3.pdb
e:\лабы\ivasyuk_kirill_201-351_1hf\lab6_1\debug\lab_5_4.pdb
e:\лабы\ivasyuk_kirill_201-351_1hf\lab6_1\debug\lab6_1.tlog\cl.command.1.tlog
e:\лабы\ivasyuk_kirill_201-351_1hf\lab6_1\debug\lab6_1.tlog\cl.read.1.tlog
e:\лабы\ivasyuk_kirill_201-351_1hf\lab6_1\debug\lab6_1.tlog\cl.write.1.tlog
e:\лабы\ivasyuk_kirill_201-351_1hf\lab6_1\debug\lab6_1.tlog\link.command.1.tlog
e:\лабы\ivasyuk_kirill_201-351_1hf\lab6_1\debug\lab6_1.tlog\link.read.1.tlog
e:\лабы\ivasyuk_kirill_201-351_1hf\lab6_1\debug\lab6_1.tlog\link.write.1.tlog
